  [1m[35m (2.9ms)[0m  [1m[35mCREATE TABLE "schema_migrations" ("version" varchar NOT NULL PRIMARY KEY)[0m
  [1m[35m (1.9ms)[0m  [1m[35mCREATE TABLE "ar_internal_metadata" ("key" varchar NOT NULL PRIMARY KEY, "value" varchar, "created_at" datetime(6) NOT NULL, "updated_at" datetime(6) NOT NULL)[0m
  [1m[36mActiveRecord::SchemaMigration Pluck (0.2ms)[0m  [1m[34mSELECT "schema_migrations"."version" FROM "schema_migrations" ORDER BY "schema_migrations"."version" ASC[0m
Migrating to CreateArticles (20230617150023)
  [1m[36mTRANSACTION (0.1ms)[0m  [1m[36mbegin transaction[0m
  [1m[35m (0.6ms)[0m  [1m[35mCREATE TABLE "articles" ("id" integer PRIMARY KEY AUTOINCREMENT NOT NULL, "slug" varchar, "title" varchar, "description" varchar, "body" varchar, "created_at" datetime(6) NOT NULL, "updated_at" datetime(6) NOT NULL)[0m
  [1m[36mActiveRecord::SchemaMigration Create (0.4ms)[0m  [1m[32mINSERT INTO "schema_migrations" ("version") VALUES (?)[0m  [["version", "20230617150023"]]
  [1m[36mTRANSACTION (3.3ms)[0m  [1m[36mcommit transaction[0m
  [1m[36mActiveRecord::InternalMetadata Load (0.2ms)[0m  [1m[34mSELECT "ar_internal_metadata".* FROM "ar_internal_metadata" WHERE "ar_internal_metadata"."key" = ? LIMIT ?[0m  [["key", "environment"], ["LIMIT", 1]]
  [1m[36mTRANSACTION (0.1ms)[0m  [1m[36mbegin transaction[0m
  [1m[36mActiveRecord::InternalMetadata Create (0.4ms)[0m  [1m[32mINSERT INTO "ar_internal_metadata" ("key", "value", "created_at", "updated_at") VALUES (?, ?, ?, ?)[0m  [["key", "environment"], ["value", "development"], ["created_at", "2023-06-17 15:05:01.795976"], ["updated_at", "2023-06-17 15:05:01.795976"]]
  [1m[36mTRANSACTION (1.5ms)[0m  [1m[36mcommit transaction[0m
  [1m[36mActiveRecord::SchemaMigration Pluck (0.2ms)[0m  [1m[34mSELECT "schema_migrations"."version" FROM "schema_migrations" ORDER BY "schema_migrations"."version" ASC[0m
  [1m[36mArticle Load (0.2ms)[0m  [1m[34mSELECT "articles".* FROM "articles"[0m
Started GET "/rails/info" for ::1 at 2023-06-18 00:28:26 +0900
  [1m[36mActiveRecord::SchemaMigration Pluck (0.7ms)[0m  [1m[34mSELECT "schema_migrations"."version" FROM "schema_migrations" ORDER BY "schema_migrations"."version" ASC[0m
Processing by Rails::InfoController#index as HTML
Redirected to http://localhost:3000/rails/info/routes
Completed 302 Found in 30ms (ActiveRecord: 0.0ms | Allocations: 4966)


Started GET "/rails/info/routes" for ::1 at 2023-06-18 00:28:27 +0900
Processing by Rails::InfoController#routes as HTML
  Rendering layout /Users/nobu/.rbenv/versions/3.0.6/lib/ruby/gems/3.0.0/gems/railties-7.0.5/lib/rails/templates/layouts/application.html.erb
  Rendering /Users/nobu/.rbenv/versions/3.0.6/lib/ruby/gems/3.0.0/gems/railties-7.0.5/lib/rails/templates/rails/info/routes.html.erb within layouts/application
  Rendered collection of /Users/nobu/.rbenv/versions/3.0.6/lib/ruby/gems/3.0.0/gems/actionpack-7.0.5/lib/action_dispatch/middleware/templates/routes/_route.html.erb [31 times] (Duration: 23.0ms | Allocations: 5316)
  Rendered /Users/nobu/.rbenv/versions/3.0.6/lib/ruby/gems/3.0.0/gems/actionpack-7.0.5/lib/action_dispatch/middleware/templates/routes/_table.html.erb (Duration: 14.6ms | Allocations: 1954)
  Rendered /Users/nobu/.rbenv/versions/3.0.6/lib/ruby/gems/3.0.0/gems/railties-7.0.5/lib/rails/templates/rails/info/routes.html.erb within layouts/application (Duration: 59.0ms | Allocations: 11827)
  Rendered layout /Users/nobu/.rbenv/versions/3.0.6/lib/ruby/gems/3.0.0/gems/railties-7.0.5/lib/rails/templates/layouts/application.html.erb (Duration: 63.7ms | Allocations: 12269)
Completed 200 OK in 128ms (Views: 83.5ms | ActiveRecord: 0.0ms | Allocations: 18306)


Started GET "/rails/info/routes" for ::1 at 2023-06-18 00:29:34 +0900
Processing by Rails::InfoController#routes as HTML
  Rendering layout /Users/nobu/.rbenv/versions/3.0.6/lib/ruby/gems/3.0.0/gems/railties-7.0.5/lib/rails/templates/layouts/application.html.erb
  Rendering /Users/nobu/.rbenv/versions/3.0.6/lib/ruby/gems/3.0.0/gems/railties-7.0.5/lib/rails/templates/rails/info/routes.html.erb within layouts/application
  Rendered collection of /Users/nobu/.rbenv/versions/3.0.6/lib/ruby/gems/3.0.0/gems/actionpack-7.0.5/lib/action_dispatch/middleware/templates/routes/_route.html.erb [30 times] (Duration: 15.1ms | Allocations: 4640)
  Rendered /Users/nobu/.rbenv/versions/3.0.6/lib/ruby/gems/3.0.0/gems/actionpack-7.0.5/lib/action_dispatch/middleware/templates/routes/_table.html.erb (Duration: 0.6ms | Allocations: 188)
  Rendered /Users/nobu/.rbenv/versions/3.0.6/lib/ruby/gems/3.0.0/gems/railties-7.0.5/lib/rails/templates/rails/info/routes.html.erb within layouts/application (Duration: 18.8ms | Allocations: 7380)
  Rendered layout /Users/nobu/.rbenv/versions/3.0.6/lib/ruby/gems/3.0.0/gems/railties-7.0.5/lib/rails/templates/layouts/application.html.erb (Duration: 19.1ms | Allocations: 7459)
Completed 200 OK in 21ms (Views: 20.1ms | Allocations: 7845)


Started GET "/api/articles" for ::1 at 2023-06-18 00:43:06 +0900
  
ActionController::RoutingError (No route matches [GET] "/api/articles"):
  
Started POST "/api/articles" for ::1 at 2023-06-18 00:43:38 +0900
  
SyntaxError (/Users/nobu/work/real_world_app/app/controllers/articles_controller.rb:21: syntax error, unexpected end-of-input, expecting `end'):
  
app/controllers/articles_controller.rb:21: syntax error, unexpected end-of-input, expecting `end'
app/controllers/articles_controller.rb:21: syntax error, unexpected end-of-input, expecting `end'
Started POST "/api/articles" for ::1 at 2023-06-18 00:44:17 +0900
Processing by ArticlesController#create as */*
  Parameters: {"article"=>{"title"=>"How to train your dragon", "description"=>"Ever wonder how?", "body"=>"You have to believe", "tagList"=>["reactjs", "angularjs", "dragons"]}}
[31mUnpermitted parameter: :tagList. Context: { controller: ArticlesController, action: create, request: #<ActionDispatch::Request:0x00007fb17e75bfc0>, params: {"article"=>{"title"=>"How to train your dragon", "description"=>"Ever wonder how?", "body"=>"You have to believe", "tagList"=>["reactjs", "angularjs", "dragons"]}, "controller"=>"articles", "action"=>"create"} }[0m
  [1m[36mTRANSACTION (0.2ms)[0m  [1m[36mbegin transaction[0m
  ↳ app/controllers/articles_controller.rb:4:in `create'
  [1m[36mArticle Create (4.2ms)[0m  [1m[32mINSERT INTO "articles" ("slug", "title", "description", "body", "created_at", "updated_at") VALUES (?, ?, ?, ?, ?, ?)[0m  [["slug", nil], ["title", "How to train your dragon"], ["description", "Ever wonder how?"], ["body", "You have to believe"], ["created_at", "2023-06-17 15:44:17.217820"], ["updated_at", "2023-06-17 15:44:17.217820"]]
  ↳ app/controllers/articles_controller.rb:4:in `create'
  [1m[36mTRANSACTION (1.8ms)[0m  [1m[36mcommit transaction[0m
  ↳ app/controllers/articles_controller.rb:4:in `create'
Completed 201 Created in 46ms (Views: 0.4ms | ActiveRecord: 8.7ms | Allocations: 20072)


Started POST "/api/articles" for ::1 at 2023-06-18 10:41:47 +0900
  [1m[36mActiveRecord::SchemaMigration Pluck (0.8ms)[0m  [1m[34mSELECT "schema_migrations"."version" FROM "schema_migrations" ORDER BY "schema_migrations"."version" ASC[0m
  
NoMethodError (undefined method `before_action' for Article:Class
Did you mean?  before_commit):
  
app/models/article.rb:2:in `<class:Article>'
app/models/article.rb:1:in `<main>'
Error occurred while parsing request parameters.
Contents:

{
  "article": {
    "title": "How to train your dragon",
    "description": "Ever wonder how?",
    "body": "You have to believe",
  }
}
Started POST "/api/articles" for ::1 at 2023-06-18 10:44:12 +0900
Error occurred while parsing request parameters.
Contents:

{
  "article": {
    "title": "How to train your dragon",
    "description": "Ever wonder how?",
    "body": "You have to believe",
  }
}
Processing by ArticlesController#create as */*
Completed 400 Bad Request in 23ms (Allocations: 19245)


  
ActionDispatch::Http::Parameters::ParseError (Error occurred while parsing request parameters):
  
app/controllers/articles_controller.rb:16:in `article_params'
app/controllers/articles_controller.rb:3:in `create'
Started POST "/api/articles" for ::1 at 2023-06-18 10:47:43 +0900
Processing by ArticlesController#create as */*
  Parameters: {"article"=>{"title"=>"How to train your dragon", "description"=>"Ever wonder how?", "body"=>"You have to believe"}}
  [1m[36mTRANSACTION (0.1ms)[0m  [1m[36mbegin transaction[0m
  ↳ app/controllers/articles_controller.rb:4:in `create'
  [1m[36mArticle Create (6.1ms)[0m  [1m[32mINSERT INTO "articles" ("slug", "title", "description", "body", "created_at", "updated_at") VALUES (?, ?, ?, ?, ?, ?)[0m  [["slug", "how-to-train-your-dragon"], ["title", "How to train your dragon"], ["description", "Ever wonder how?"], ["body", "You have to believe"], ["created_at", "2023-06-18 01:47:43.927383"], ["updated_at", "2023-06-18 01:47:43.927383"]]
  ↳ app/controllers/articles_controller.rb:4:in `create'
  [1m[36mTRANSACTION (2.2ms)[0m  [1m[36mcommit transaction[0m
  ↳ app/controllers/articles_controller.rb:4:in `create'
Completed 201 Created in 262ms (Views: 0.4ms | ActiveRecord: 12.6ms | Allocations: 91871)


Started POST "/api/articles" for ::1 at 2023-06-18 11:11:43 +0900
  
SyntaxError (/Users/nobu/work/real_world_app/config/routes.rb:5: syntax error, unexpected end-of-input, expecting `end'):
  
config/routes.rb:5: syntax error, unexpected end-of-input, expecting `end'
config/routes.rb:5: syntax error, unexpected end-of-input, expecting `end'
Started POST "/api/articles" for ::1 at 2023-06-18 11:12:01 +0900
Processing by ArticlesController#create as */*
  Parameters: {"article"=>{"title"=>"How to train your dragon", "description"=>"Ever wonder how?", "body"=>"You have to believe"}}
  [1m[36mTRANSACTION (0.4ms)[0m  [1m[36mbegin transaction[0m
  ↳ app/controllers/articles_controller.rb:4:in `create'
  [1m[36mArticle Create (1.3ms)[0m  [1m[32mINSERT INTO "articles" ("slug", "title", "description", "body", "created_at", "updated_at") VALUES (?, ?, ?, ?, ?, ?)[0m  [["slug", "how-to-train-your-dragon"], ["title", "How to train your dragon"], ["description", "Ever wonder how?"], ["body", "You have to believe"], ["created_at", "2023-06-18 02:12:01.798506"], ["updated_at", "2023-06-18 02:12:01.798506"]]
  ↳ app/controllers/articles_controller.rb:4:in `create'
  [1m[36mTRANSACTION (1.3ms)[0m  [1m[36mcommit transaction[0m
  ↳ app/controllers/articles_controller.rb:4:in `create'
Completed 201 Created in 29ms (Views: 0.9ms | ActiveRecord: 4.2ms | Allocations: 4427)


Started POST "/api/articles" for ::1 at 2023-06-18 11:37:22 +0900
Processing by ArticlesController#create as */*
  Parameters: {"article"=>{"title"=>"How to train your dragon", "description"=>"Ever wonder how?", "body"=>"You have to believe"}}
  [1m[36mTRANSACTION (0.4ms)[0m  [1m[36mbegin transaction[0m
  ↳ app/controllers/articles_controller.rb:4:in `create'
  [1m[36mArticle Create (3.0ms)[0m  [1m[32mINSERT INTO "articles" ("slug", "title", "description", "body", "created_at", "updated_at") VALUES (?, ?, ?, ?, ?, ?)[0m  [["slug", "how-to-train-your-dragon"], ["title", "How to train your dragon"], ["description", "Ever wonder how?"], ["body", "You have to believe"], ["created_at", "2023-06-18 02:37:22.431743"], ["updated_at", "2023-06-18 02:37:22.431743"]]
  ↳ app/controllers/articles_controller.rb:4:in `create'
  [1m[36mTRANSACTION (8.1ms)[0m  [1m[36mcommit transaction[0m
  ↳ app/controllers/articles_controller.rb:4:in `create'
Completed 201 Created in 143ms (Views: 9.9ms | ActiveRecord: 14.4ms | Allocations: 2133)


  [1m[36mArticle Load (0.3ms)[0m  [1m[34mSELECT "articles".* FROM "articles"[0m
  [1m[36mArticle Load (3.5ms)[0m  [1m[34mSELECT "articles".* FROM "articles" WHERE "articles"."id" = ? LIMIT ?[0m  [["id", 4], ["LIMIT", 1]]
  [1m[36mArticle Destroy (5.1ms)[0m  [1m[31mDELETE FROM "articles" WHERE "articles"."id" = ?[0m  [["id", 4]]
  [1m[36mArticle Load (1.2ms)[0m  [1m[34mSELECT "articles".* FROM "articles"[0m
  [1m[36mArticle Load (0.2ms)[0m  [1m[34mSELECT "articles".* FROM "articles" WHERE "articles"."id" = ? LIMIT ?[0m  [["id", 3], ["LIMIT", 1]]
  [1m[36mArticle Destroy (3.4ms)[0m  [1m[31mDELETE FROM "articles" WHERE "articles"."id" = ?[0m  [["id", 3]]
  [1m[36mArticle Load (0.2ms)[0m  [1m[34mSELECT "articles".* FROM "articles" WHERE "articles"."id" = ? LIMIT ?[0m  [["id", 2], ["LIMIT", 1]]
  [1m[36mArticle Destroy (3.5ms)[0m  [1m[31mDELETE FROM "articles" WHERE "articles"."id" = ?[0m  [["id", 2]]
Started GET "/api/how-to-train-your-dragon" for ::1 at 2023-06-18 11:47:17 +0900
  
ActionController::RoutingError (No route matches [GET] "/api/how-to-train-your-dragon"):
  
Started GET "/rails/info/routes" for ::1 at 2023-06-18 11:48:24 +0900
Processing by Rails::InfoController#routes as HTML
  Rendering layout /Users/nobu/.rbenv/versions/3.0.6/lib/ruby/gems/3.0.0/gems/railties-7.0.5/lib/rails/templates/layouts/application.html.erb
  Rendering /Users/nobu/.rbenv/versions/3.0.6/lib/ruby/gems/3.0.0/gems/railties-7.0.5/lib/rails/templates/rails/info/routes.html.erb within layouts/application
  Rendered collection of /Users/nobu/.rbenv/versions/3.0.6/lib/ruby/gems/3.0.0/gems/actionpack-7.0.5/lib/action_dispatch/middleware/templates/routes/_route.html.erb [30 times] (Duration: 24.3ms | Allocations: 5163)
  Rendered /Users/nobu/.rbenv/versions/3.0.6/lib/ruby/gems/3.0.0/gems/actionpack-7.0.5/lib/action_dispatch/middleware/templates/routes/_table.html.erb (Duration: 14.8ms | Allocations: 1782)
  Rendered /Users/nobu/.rbenv/versions/3.0.6/lib/ruby/gems/3.0.0/gems/railties-7.0.5/lib/rails/templates/rails/info/routes.html.erb within layouts/application (Duration: 57.0ms | Allocations: 11008)
  Rendered layout /Users/nobu/.rbenv/versions/3.0.6/lib/ruby/gems/3.0.0/gems/railties-7.0.5/lib/rails/templates/layouts/application.html.erb (Duration: 60.7ms | Allocations: 11450)
Completed 200 OK in 123ms (Views: 75.7ms | Allocations: 18043)


Started GET "/rails/info/routes" for ::1 at 2023-06-18 11:50:51 +0900
Processing by Rails::InfoController#routes as HTML
  Rendering layout /Users/nobu/.rbenv/versions/3.0.6/lib/ruby/gems/3.0.0/gems/railties-7.0.5/lib/rails/templates/layouts/application.html.erb
  Rendering /Users/nobu/.rbenv/versions/3.0.6/lib/ruby/gems/3.0.0/gems/railties-7.0.5/lib/rails/templates/rails/info/routes.html.erb within layouts/application
  Rendered collection of /Users/nobu/.rbenv/versions/3.0.6/lib/ruby/gems/3.0.0/gems/actionpack-7.0.5/lib/action_dispatch/middleware/templates/routes/_route.html.erb [31 times] (Duration: 11.1ms | Allocations: 5103)
  Rendered /Users/nobu/.rbenv/versions/3.0.6/lib/ruby/gems/3.0.0/gems/actionpack-7.0.5/lib/action_dispatch/middleware/templates/routes/_table.html.erb (Duration: 3.1ms | Allocations: 1346)
  Rendered /Users/nobu/.rbenv/versions/3.0.6/lib/ruby/gems/3.0.0/gems/railties-7.0.5/lib/rails/templates/rails/info/routes.html.erb within layouts/application (Duration: 20.8ms | Allocations: 9524)
  Rendered layout /Users/nobu/.rbenv/versions/3.0.6/lib/ruby/gems/3.0.0/gems/railties-7.0.5/lib/rails/templates/layouts/application.html.erb (Duration: 23.2ms | Allocations: 9910)
Completed 200 OK in 28ms (Views: 26.2ms | Allocations: 11124)


Started GET "/api/how-to-train-your-dragon" for ::1 at 2023-06-18 11:54:35 +0900
  
ActionController::RoutingError (No route matches [GET] "/api/how-to-train-your-dragon"):
  
Started GET "/api/articles/how-to-train-your-dragon" for ::1 at 2023-06-18 11:55:38 +0900
Processing by ArticlesController#show as */*
  Parameters: {"article"=>{"title"=>"How to train your dragon", "description"=>"Ever wonder how?", "body"=>"You have to believe"}, "slug"=>"how-to-train-your-dragon"}
  [1m[36mArticle Load (0.7ms)[0m  [1m[34mSELECT "articles".* FROM "articles" WHERE "articles"."slug" = ? LIMIT ?[0m  [["slug", "how-to-train-your-dragon"], ["LIMIT", 1]]
  ↳ app/controllers/articles_controller.rb:12:in `show'
Completed 200 OK in 31ms (Views: 1.2ms | ActiveRecord: 3.3ms | Allocations: 2223)


Started GET "/api/articles/how-to-train-your-dragon" for ::1 at 2023-06-18 11:55:55 +0900
Processing by ArticlesController#show as */*
  Parameters: {"slug"=>"how-to-train-your-dragon", "article"=>{}}
  [1m[36mArticle Load (0.6ms)[0m  [1m[34mSELECT "articles".* FROM "articles" WHERE "articles"."slug" = ? LIMIT ?[0m  [["slug", "how-to-train-your-dragon"], ["LIMIT", 1]]
  ↳ app/controllers/articles_controller.rb:12:in `show'
Completed 200 OK in 4ms (Views: 0.3ms | ActiveRecord: 0.6ms | Allocations: 576)


  [1m[36mArticle Load (0.8ms)[0m  [1m[34mSELECT "articles".* FROM "articles" WHERE "articles"."slug" = ? LIMIT ?[0m  [["slug", "a"], ["LIMIT", 1]]
  [1m[36mArticle Load (0.2ms)[0m  [1m[34mSELECT "articles".* FROM "articles" WHERE "articles"."slug" = ? LIMIT ?[0m  [["slug", "how-to-train-your-dragon"], ["LIMIT", 1]]
  [1m[36mArticle Load (0.2ms)[0m  [1m[34mSELECT "articles".* FROM "articles"[0m
  [1m[36mArticle Load (0.3ms)[0m  [1m[34mSELECT "articles".* FROM "articles" WHERE "articles"."id" = ? LIMIT ?[0m  [["id", 1], ["LIMIT", 1]]
  [1m[36mArticle Destroy (3.3ms)[0m  [1m[31mDELETE FROM "articles" WHERE "articles"."id" = ?[0m  [["id", 1]]
  [1m[36mArticle Load (0.2ms)[0m  [1m[34mSELECT "articles".* FROM "articles"[0m
Started POST "/api/articles" for ::1 at 2023-06-18 12:03:18 +0900
Error occurred while parsing request parameters.
Contents:

{
  "article": {
    "title": "How to train your dragon",
    "description": "Ever wonder how?",
    "body": "You have to believe",
  }
}
Processing by ArticlesController#create as */*
Completed 400 Bad Request in 5ms (Allocations: 138)


  
ActionDispatch::Http::Parameters::ParseError (Error occurred while parsing request parameters):
  
app/controllers/articles_controller.rb:18:in `article_params'
app/controllers/articles_controller.rb:3:in `create'
Started POST "/api/articles" for ::1 at 2023-06-18 12:03:50 +0900
Processing by ArticlesController#create as */*
  Parameters: {"article"=>{"title"=>"How to train your dragon", "description"=>"Ever wonder how?", "body"=>"You have to believe"}}
  [1m[36mTRANSACTION (0.1ms)[0m  [1m[36mbegin transaction[0m
  ↳ app/controllers/articles_controller.rb:4:in `create'
  [1m[36mArticle Create (0.4ms)[0m  [1m[32mINSERT INTO "articles" ("slug", "title", "description", "body", "created_at", "updated_at") VALUES (?, ?, ?, ?, ?, ?)[0m  [["slug", "how-to-train-your-dragon"], ["title", "How to train your dragon"], ["description", "Ever wonder how?"], ["body", "You have to believe"], ["created_at", "2023-06-18 03:03:50.408425"], ["updated_at", "2023-06-18 03:03:50.408425"]]
  ↳ app/controllers/articles_controller.rb:4:in `create'
  [1m[36mTRANSACTION (1.6ms)[0m  [1m[36mcommit transaction[0m
  ↳ app/controllers/articles_controller.rb:4:in `create'
Completed 201 Created in 35ms (Views: 1.3ms | ActiveRecord: 3.3ms | Allocations: 3961)


  [1m[36mArticle Load (0.3ms)[0m  [1m[34mSELECT "articles".* FROM "articles"[0m
Started GET "/api/articles/how-to-train-your-dragon" for ::1 at 2023-06-18 12:04:30 +0900
Processing by ArticlesController#show as */*
  Parameters: {"article"=>{"title"=>"How to train your dragon", "description"=>"Ever wonder how?", "body"=>"You have to believe"}, "slug"=>"how-to-train-your-dragon"}
  [1m[36mArticle Load (0.2ms)[0m  [1m[34mSELECT "articles".* FROM "articles" WHERE "articles"."slug" = ? LIMIT ?[0m  [["slug", "how-to-train-your-dragon"], ["LIMIT", 1]]
  ↳ app/controllers/articles_controller.rb:12:in `show'
Completed 200 OK in 3ms (Views: 0.2ms | ActiveRecord: 0.2ms | Allocations: 778)


Started GET "/api/articles/how-to-train-your-dragon" for ::1 at 2023-06-18 12:05:42 +0900
Processing by ArticlesController#show as */*
  Parameters: {"article"=>{"title"=>"How to train your dragon", "description"=>"Ever wonder how?", "body"=>"You have to believe"}, "slug"=>"how-to-train-your-dragon"}
  [1m[36mArticle Load (0.2ms)[0m  [1m[34mSELECT "articles".* FROM "articles" WHERE "articles"."slug" = ? LIMIT ?[0m  [["slug", "how-to-train-your-dragon"], ["LIMIT", 1]]
  ↳ app/controllers/articles_controller.rb:12:in `show'
Completed 200 OK in 18ms (Views: 0.3ms | ActiveRecord: 5.4ms | Allocations: 3611)


Started GET "/api/articles/how-to-train-your-dragon" for ::1 at 2023-06-18 12:07:41 +0900
Processing by ArticlesController#show as */*
  Parameters: {"article"=>{"title"=>"How to train your dragon", "description"=>"Ever wonder how?", "body"=>"You have to believe"}, "slug"=>"how-to-train-your-dragon"}
  [1m[36mArticle Load (0.3ms)[0m  [1m[34mSELECT "articles".* FROM "articles" WHERE "articles"."slug" = ? LIMIT ?[0m  [["slug", "how-to-train-your-dragon"], ["LIMIT", 1]]
  ↳ app/controllers/articles_controller.rb:12:in `show'
Completed 200 OK in 8ms (Views: 1.3ms | ActiveRecord: 0.3ms | Allocations: 676)


Started POST "/api/articles" for ::1 at 2023-06-18 12:18:18 +0900
Processing by ArticlesController#create as */*
  Parameters: {"article"=>{"title"=>"", "description"=>"Ever wonder how?", "body"=>"You have to believe"}}
Completed 422 Unprocessable Entity in 42ms (Views: 2.9ms | ActiveRecord: 1.4ms | Allocations: 577)


Started GET "/api/articles/how-to-train-your-dragon" for ::1 at 2023-06-18 12:41:12 +0900
Processing by ArticlesController#show as */*
  Parameters: {"article"=>{"title"=>"", "description"=>"Ever wonder how?", "body"=>"You have to believe"}, "slug"=>"how-to-train-your-dragon"}
  [1m[36mArticle Load (0.4ms)[0m  [1m[34mSELECT "articles".* FROM "articles" WHERE "articles"."slug" = ? LIMIT ?[0m  [["slug", "how-to-train-your-dragon"], ["LIMIT", 1]]
  ↳ app/controllers/articles_controller.rb:12:in `show'
Completed 200 OK in 40ms (Views: 3.3ms | ActiveRecord: 1.8ms | Allocations: 3180)


Started POST "/api/articles/how-to-train-your-dragon" for ::1 at 2023-06-18 12:45:01 +0900
  
ActionController::RoutingError (No route matches [POST] "/api/articles/how-to-train-your-dragon"):
  
  [1m[36mArticle Load (2.1ms)[0m  [1m[34mSELECT "articles".* FROM "articles"[0m
Started GET "/api/articles/how-to-train-your-dragon" for ::1 at 2023-06-18 12:46:38 +0900
Processing by ArticlesController#show as */*
  Parameters: {"article"=>{"title"=>"Did you train your dragon?"}, "slug"=>"how-to-train-your-dragon"}
  [1m[36mArticle Load (0.3ms)[0m  [1m[34mSELECT "articles".* FROM "articles" WHERE "articles"."slug" = ? LIMIT ?[0m  [["slug", "how-to-train-your-dragon"], ["LIMIT", 1]]
  ↳ app/controllers/articles_controller.rb:12:in `show'
Completed 200 OK in 31ms (Views: 1.4ms | ActiveRecord: 5.5ms | Allocations: 3607)


Started POST "/api/articles/how-to-train-your-dragon" for ::1 at 2023-06-18 12:48:25 +0900
  
ActionController::RoutingError (No route matches [POST] "/api/articles/how-to-train-your-dragon"):
  
Started PATCH "/api/articles/how-to-train-your-dragon" for ::1 at 2023-06-18 12:51:01 +0900
Processing by ArticlesController#update as */*
  Parameters: {"article"=>{"title"=>"Did you train your dragon?"}, "slug"=>"how-to-train-your-dragon"}
  [1m[36mArticle Load (0.2ms)[0m  [1m[34mSELECT "articles".* FROM "articles" WHERE "articles"."slug" = ? LIMIT ?[0m  [["slug", "how-to-train-your-dragon"], ["LIMIT", 1]]
  ↳ app/controllers/articles_controller.rb:21:in `update'
  [1m[36mTRANSACTION (0.1ms)[0m  [1m[36mbegin transaction[0m
  ↳ app/controllers/articles_controller.rb:22:in `update'
  [1m[36mArticle Update (2.0ms)[0m  [1m[33mUPDATE "articles" SET "slug" = ?, "title" = ?, "updated_at" = ? WHERE "articles"."id" = ?[0m  [["slug", "did-you-train-your-dragon"], ["title", "Did you train your dragon?"], ["updated_at", "2023-06-18 03:51:01.652900"], ["id", 5]]
  ↳ app/controllers/articles_controller.rb:22:in `update'
  [1m[36mTRANSACTION (2.7ms)[0m  [1m[36mcommit transaction[0m
  ↳ app/controllers/articles_controller.rb:22:in `update'
Completed 204 No Content in 39ms (ActiveRecord: 7.3ms | Allocations: 5517)


  [1m[36mArticle Load (2.6ms)[0m  [1m[34mSELECT "articles".* FROM "articles"[0m
Started PATCH "/api/articles/how-to-train-your-dragon" for ::1 at 2023-06-18 13:06:08 +0900
Processing by ArticlesController#update as */*
  Parameters: {"article"=>{"title"=>"Did you train your dragon"}, "slug"=>"how-to-train-your-dragon"}
  [1m[36mArticle Load (0.3ms)[0m  [1m[34mSELECT "articles".* FROM "articles" WHERE "articles"."slug" = ? LIMIT ?[0m  [["slug", "how-to-train-your-dragon"], ["LIMIT", 1]]
  ↳ app/controllers/articles_controller.rb:21:in `update'
Completed 500 Internal Server Error in 30ms (ActiveRecord: 1.7ms | Allocations: 1843)


  
NoMethodError (undefined method `update' for nil:NilClass):
  
app/controllers/articles_controller.rb:22:in `update'
Started PATCH "/api/articles/how-to-train-your-dragon" for ::1 at 2023-06-18 13:07:06 +0900
Processing by ArticlesController#update as */*
  Parameters: {"article"=>{"title"=>"Did you train your dragon"}, "slug"=>"how-to-train-your-dragon"}
  [1m[36mArticle Load (0.1ms)[0m  [1m[34mSELECT "articles".* FROM "articles" WHERE "articles"."slug" = ? LIMIT ?[0m  [["slug", "how-to-train-your-dragon"], ["LIMIT", 1]]
  ↳ app/controllers/articles_controller.rb:21:in `update'
Completed 500 Internal Server Error in 4ms (ActiveRecord: 0.1ms | Allocations: 1000)


  
NoMethodError (undefined method `update' for nil:NilClass):
  
app/controllers/articles_controller.rb:22:in `update'
Started PATCH "/api/articles/how-to-train-your-dragon" for ::1 at 2023-06-18 13:08:01 +0900
Processing by ArticlesController#update as */*
  Parameters: {"article"=>{"title"=>"Did you train your dragon"}, "slug"=>"how-to-train-your-dragon"}
  [1m[36mArticle Load (0.2ms)[0m  [1m[34mSELECT "articles".* FROM "articles" WHERE "articles"."slug" = ? LIMIT ?[0m  [["slug", "how-to-train-your-dragon"], ["LIMIT", 1]]
  ↳ app/controllers/articles_controller.rb:21:in `update'
Completed 500 Internal Server Error in 4ms (ActiveRecord: 0.2ms | Allocations: 996)


  
NoMethodError (undefined method `update' for nil:NilClass):
  
app/controllers/articles_controller.rb:22:in `update'
Started PATCH "/api/articles/how-to-train-your-dragon" for ::1 at 2023-06-18 13:08:19 +0900
Processing by ArticlesController#update as */*
  Parameters: {"article"=>{"title"=>"Did you train your dragon"}, "slug"=>"how-to-train-your-dragon"}
  [1m[36mArticle Load (0.2ms)[0m  [1m[34mSELECT "articles".* FROM "articles" WHERE "articles"."slug" = ? LIMIT ?[0m  [["slug", "how-to-train-your-dragon"], ["LIMIT", 1]]
  ↳ app/controllers/articles_controller.rb:21:in `update'
Completed 500 Internal Server Error in 4ms (ActiveRecord: 0.2ms | Allocations: 996)


  
NoMethodError (undefined method `update' for nil:NilClass):
  
app/controllers/articles_controller.rb:22:in `update'
Started PATCH "/api/articles/how-to-train-your-dragon" for ::1 at 2023-06-18 13:08:25 +0900
Processing by ArticlesController#update as */*
  Parameters: {"article"=>{"title"=>"Did you train your dragon"}, "slug"=>"how-to-train-your-dragon"}
  [1m[36mArticle Load (0.1ms)[0m  [1m[34mSELECT "articles".* FROM "articles" WHERE "articles"."slug" = ? LIMIT ?[0m  [["slug", "how-to-train-your-dragon"], ["LIMIT", 1]]
  ↳ app/controllers/articles_controller.rb:21:in `update'
Completed 500 Internal Server Error in 5ms (ActiveRecord: 0.1ms | Allocations: 996)


  
NoMethodError (undefined method `update' for nil:NilClass):
  
app/controllers/articles_controller.rb:22:in `update'
  [1m[36mArticle Load (1.6ms)[0m  [1m[34mSELECT "articles".* FROM "articles"[0m
Started GET "/api/articles/how-to-train-your-dragon" for ::1 at 2023-06-18 13:11:08 +0900
Processing by ArticlesController#show as */*
  Parameters: {"article"=>{"title"=>"Did you train your dragon"}, "slug"=>"how-to-train-your-dragon"}
  [1m[36mArticle Load (0.1ms)[0m  [1m[34mSELECT "articles".* FROM "articles" WHERE "articles"."slug" = ? LIMIT ?[0m  [["slug", "how-to-train-your-dragon"], ["LIMIT", 1]]
  ↳ app/controllers/articles_controller.rb:12:in `show'
Completed 404 Not Found in 20ms (Views: 18.0ms | ActiveRecord: 0.1ms | Allocations: 600)


Started GET "/api/articles/how-to-train-your-dragon" for ::1 at 2023-06-18 13:11:22 +0900
Processing by ArticlesController#show as */*
  Parameters: {"slug"=>"how-to-train-your-dragon", "article"=>{}}
  [1m[36mArticle Load (0.2ms)[0m  [1m[34mSELECT "articles".* FROM "articles" WHERE "articles"."slug" = ? LIMIT ?[0m  [["slug", "how-to-train-your-dragon"], ["LIMIT", 1]]
  ↳ app/controllers/articles_controller.rb:12:in `show'
Completed 404 Not Found in 5ms (Views: 1.1ms | ActiveRecord: 0.2ms | Allocations: 537)


Started GET "/rails/info/routes" for ::1 at 2023-06-18 13:11:45 +0900
Processing by Rails::InfoController#routes as HTML
  Rendering layout /Users/nobu/.rbenv/versions/3.0.6/lib/ruby/gems/3.0.0/gems/railties-7.0.5/lib/rails/templates/layouts/application.html.erb
  Rendering /Users/nobu/.rbenv/versions/3.0.6/lib/ruby/gems/3.0.0/gems/railties-7.0.5/lib/rails/templates/rails/info/routes.html.erb within layouts/application
  Rendered collection of /Users/nobu/.rbenv/versions/3.0.6/lib/ruby/gems/3.0.0/gems/actionpack-7.0.5/lib/action_dispatch/middleware/templates/routes/_route.html.erb [31 times] (Duration: 24.9ms | Allocations: 4787)
  Rendered /Users/nobu/.rbenv/versions/3.0.6/lib/ruby/gems/3.0.0/gems/actionpack-7.0.5/lib/action_dispatch/middleware/templates/routes/_table.html.erb (Duration: 1.3ms | Allocations: 188)
  Rendered /Users/nobu/.rbenv/versions/3.0.6/lib/ruby/gems/3.0.0/gems/railties-7.0.5/lib/rails/templates/rails/info/routes.html.erb within layouts/application (Duration: 37.7ms | Allocations: 7646)
  Rendered layout /Users/nobu/.rbenv/versions/3.0.6/lib/ruby/gems/3.0.0/gems/railties-7.0.5/lib/rails/templates/layouts/application.html.erb (Duration: 38.1ms | Allocations: 7725)
Completed 200 OK in 44ms (Views: 40.9ms | ActiveRecord: 0.0ms | Allocations: 8090)


  [1m[36mArticle Load (0.3ms)[0m  [1m[34mSELECT "articles".* FROM "articles" WHERE "articles"."id" = ? LIMIT ?[0m  [["id", 5], ["LIMIT", 1]]
  [1m[36mArticle Load (0.2ms)[0m  [1m[34mSELECT "articles".* FROM "articles" WHERE "articles"."id" = ? LIMIT ?[0m  [["id", 5], ["LIMIT", 1]]
  [1m[36mTRANSACTION (0.3ms)[0m  [1m[36mbegin transaction[0m
  [1m[36mArticle Update (2.1ms)[0m  [1m[33mUPDATE "articles" SET "title" = ?, "updated_at" = ? WHERE "articles"."id" = ?[0m  [["title", "Did you train your dragon"], ["updated_at", "2023-06-18 04:15:48.793549"], ["id", 5]]
  [1m[36mTRANSACTION (2.2ms)[0m  [1m[36mcommit transaction[0m
  [1m[36mArticle Load (0.3ms)[0m  [1m[34mSELECT "articles".* FROM "articles"[0m
Started GET "/api/articles/did-you-train-your-dragon%0A" for ::1 at 2023-06-18 13:20:05 +0900
Processing by ArticlesController#show as */*
  Parameters: {"article"=>{"title"=>"Did you train your dragon?"}, "slug"=>"did-you-train-your-dragon\n"}
  [1m[36mArticle Load (0.3ms)[0m  [1m[34mSELECT "articles".* FROM "articles" WHERE "articles"."slug" = ? LIMIT ?[0m  [["slug", "did-you-train-your-dragon\n"], ["LIMIT", 1]]
  ↳ app/controllers/articles_controller.rb:12:in `show'
Completed 404 Not Found in 31ms (Views: 1.7ms | ActiveRecord: 3.2ms | Allocations: 688)


Started GET "/api/articles/did-you-train-your-dragon%0A" for ::1 at 2023-06-18 13:21:00 +0900
Processing by ArticlesController#show as */*
  Parameters: {"article"=>{"title"=>"Did you train your dragon?"}, "slug"=>"did-you-train-your-dragon\n"}
  [1m[36mArticle Load (0.3ms)[0m  [1m[34mSELECT "articles".* FROM "articles" WHERE "articles"."slug" = ? LIMIT ?[0m  [["slug", "did-you-train-your-dragon\n"], ["LIMIT", 1]]
  ↳ app/controllers/articles_controller.rb:12:in `show'
Completed 404 Not Found in 4ms (Views: 0.2ms | ActiveRecord: 0.3ms | Allocations: 539)


Started GET "/api/articles/did-you-train-your-dragon%0A" for ::1 at 2023-06-18 13:21:21 +0900
Processing by ArticlesController#show as */*
  Parameters: {"slug"=>"did-you-train-your-dragon\n", "article"=>{}}
  [1m[36mArticle Load (0.4ms)[0m  [1m[34mSELECT "articles".* FROM "articles" WHERE "articles"."slug" = ? LIMIT ?[0m  [["slug", "did-you-train-your-dragon\n"], ["LIMIT", 1]]
  ↳ app/controllers/articles_controller.rb:12:in `show'
Completed 404 Not Found in 8ms (Views: 0.5ms | ActiveRecord: 3.1ms | Allocations: 1040)


Started GET "/api/articles/did-you-train-your-dragon" for ::1 at 2023-06-18 13:21:41 +0900
Processing by ArticlesController#show as */*
  Parameters: {"slug"=>"did-you-train-your-dragon", "article"=>{}}
  [1m[36mArticle Load (0.1ms)[0m  [1m[34mSELECT "articles".* FROM "articles" WHERE "articles"."slug" = ? LIMIT ?[0m  [["slug", "did-you-train-your-dragon"], ["LIMIT", 1]]
  ↳ app/controllers/articles_controller.rb:12:in `show'
Completed 200 OK in 11ms (Views: 1.3ms | ActiveRecord: 0.4ms | Allocations: 2434)


Started POST "/api/articles/did-you-train-your-dragon" for ::1 at 2023-06-18 13:21:59 +0900
  
ActionController::RoutingError (No route matches [POST] "/api/articles/did-you-train-your-dragon"):
  
Started PUT "/api/articles/did-you-train-your-dragon" for ::1 at 2023-06-18 13:22:03 +0900
Processing by ArticlesController#update as */*
  Parameters: {"article"=>{"title"=>"Did you train your dragon?"}, "slug"=>"did-you-train-your-dragon"}
  [1m[36mArticle Load (0.4ms)[0m  [1m[34mSELECT "articles".* FROM "articles" WHERE "articles"."slug" = ? LIMIT ?[0m  [["slug", "did-you-train-your-dragon"], ["LIMIT", 1]]
  ↳ app/controllers/articles_controller.rb:21:in `update'
  [1m[36mTRANSACTION (0.1ms)[0m  [1m[36mbegin transaction[0m
  ↳ app/controllers/articles_controller.rb:22:in `update'
  [1m[36mArticle Update (0.5ms)[0m  [1m[33mUPDATE "articles" SET "title" = ?, "updated_at" = ? WHERE "articles"."id" = ?[0m  [["title", "Did you train your dragon?"], ["updated_at", "2023-06-18 04:22:03.077256"], ["id", 5]]
  ↳ app/controllers/articles_controller.rb:22:in `update'
  [1m[36mTRANSACTION (2.0ms)[0m  [1m[36mcommit transaction[0m
  ↳ app/controllers/articles_controller.rb:22:in `update'
Completed 204 No Content in 21ms (ActiveRecord: 3.0ms | Allocations: 2534)


Started GET "/api/articles/did-you-train-your-dragon" for ::1 at 2023-06-18 13:22:18 +0900
Processing by ArticlesController#show as */*
  Parameters: {"article"=>{"title"=>"Did you train your dragon?"}, "slug"=>"did-you-train-your-dragon"}
  [1m[36mArticle Load (0.4ms)[0m  [1m[34mSELECT "articles".* FROM "articles" WHERE "articles"."slug" = ? LIMIT ?[0m  [["slug", "did-you-train-your-dragon"], ["LIMIT", 1]]
  ↳ app/controllers/articles_controller.rb:12:in `show'
Completed 200 OK in 24ms (Views: 1.4ms | ActiveRecord: 0.4ms | Allocations: 676)


Started GET "/api/articles/did-you-train-your-dragon" for ::1 at 2023-06-18 14:54:45 +0900
Processing by ArticlesController#show as */*
  Parameters: {"article"=>{"title"=>"Did you train your dragon?"}, "slug"=>"did-you-train-your-dragon"}
  [1m[36mArticle Load (0.2ms)[0m  [1m[34mSELECT "articles".* FROM "articles" WHERE "articles"."slug" = ? LIMIT ?[0m  [["slug", "did-you-train-your-dragon"], ["LIMIT", 1]]
  ↳ app/controllers/articles_controller.rb:12:in `show'
Completed 200 OK in 28ms (Views: 4.2ms | ActiveRecord: 1.4ms | Allocations: 825)


Started DELETE "/api/articles/did-you-train-your-dragon" for ::1 at 2023-06-18 15:11:58 +0900
Processing by ArticlesController#destroy as */*
  Parameters: {"article"=>{"title"=>"Did you train your dragon?"}, "slug"=>"did-you-train-your-dragon"}
  [1m[36mArticle Load (0.3ms)[0m  [1m[34mSELECT "articles".* FROM "articles" WHERE "articles"."slug" = ? LIMIT ?[0m  [["slug", "did-you-train-your-dragon"], ["LIMIT", 1]]
  ↳ app/controllers/articles_controller.rb:26:in `destroy'
  [1m[36mTRANSACTION (0.1ms)[0m  [1m[36mbegin transaction[0m
  ↳ app/controllers/articles_controller.rb:27:in `destroy'
  [1m[36mArticle Destroy (0.6ms)[0m  [1m[31mDELETE FROM "articles" WHERE "articles"."id" = ?[0m  [["id", 5]]
  ↳ app/controllers/articles_controller.rb:27:in `destroy'
  [1m[36mTRANSACTION (2.5ms)[0m  [1m[36mcommit transaction[0m
  ↳ app/controllers/articles_controller.rb:27:in `destroy'
Completed 204 No Content in 50ms (ActiveRecord: 5.9ms | Allocations: 4387)


Started POST "/api/articles" for ::1 at 2023-06-18 15:13:04 +0900
Processing by ArticlesController#create as */*
  Parameters: {"article"=>{"title"=>"How to train your dragon", "description"=>"Ever wonder how?", "body"=>"You have to believe"}}
  [1m[36mTRANSACTION (0.1ms)[0m  [1m[36mbegin transaction[0m
  ↳ app/controllers/articles_controller.rb:4:in `create'
  [1m[36mArticle Create (1.4ms)[0m  [1m[32mINSERT INTO "articles" ("slug", "title", "description", "body", "created_at", "updated_at") VALUES (?, ?, ?, ?, ?, ?)[0m  [["slug", "how-to-train-your-dragon"], ["title", "How to train your dragon"], ["description", "Ever wonder how?"], ["body", "You have to believe"], ["created_at", "2023-06-18 06:13:04.169931"], ["updated_at", "2023-06-18 06:13:04.169931"]]
  ↳ app/controllers/articles_controller.rb:4:in `create'
  [1m[36mTRANSACTION (2.2ms)[0m  [1m[36mcommit transaction[0m
  ↳ app/controllers/articles_controller.rb:4:in `create'
Completed 201 Created in 25ms (Views: 2.2ms | ActiveRecord: 3.7ms | Allocations: 2255)


Started POST "/api/articles" for ::1 at 2023-06-18 15:13:53 +0900
Processing by ArticlesController#create as */*
  Parameters: {"article"=>{"title"=>"test", "description"=>"333333333333333333333", "body"=>"bodybodybody"}}
  [1m[36mTRANSACTION (0.1ms)[0m  [1m[36mbegin transaction[0m
  ↳ app/controllers/articles_controller.rb:4:in `create'
  [1m[36mArticle Create (1.3ms)[0m  [1m[32mINSERT INTO "articles" ("slug", "title", "description", "body", "created_at", "updated_at") VALUES (?, ?, ?, ?, ?, ?)[0m  [["slug", "test"], ["title", "test"], ["description", "333333333333333333333"], ["body", "bodybodybody"], ["created_at", "2023-06-18 06:13:53.892892"], ["updated_at", "2023-06-18 06:13:53.892892"]]
  ↳ app/controllers/articles_controller.rb:4:in `create'
  [1m[36mTRANSACTION (1.9ms)[0m  [1m[36mcommit transaction[0m
  ↳ app/controllers/articles_controller.rb:4:in `create'
Completed 201 Created in 10ms (Views: 0.2ms | ActiveRecord: 3.2ms | Allocations: 1990)


Started POST "/api/articles" for ::1 at 2023-06-18 15:13:58 +0900
Processing by ArticlesController#create as */*
  Parameters: {"article"=>{"title"=>"test2", "description"=>"333333333333333333333", "body"=>"bodybodybody"}}
  [1m[36mTRANSACTION (0.1ms)[0m  [1m[36mbegin transaction[0m
  ↳ app/controllers/articles_controller.rb:4:in `create'
  [1m[36mArticle Create (1.2ms)[0m  [1m[32mINSERT INTO "articles" ("slug", "title", "description", "body", "created_at", "updated_at") VALUES (?, ?, ?, ?, ?, ?)[0m  [["slug", "test2"], ["title", "test2"], ["description", "333333333333333333333"], ["body", "bodybodybody"], ["created_at", "2023-06-18 06:13:58.218453"], ["updated_at", "2023-06-18 06:13:58.218453"]]
  ↳ app/controllers/articles_controller.rb:4:in `create'
  [1m[36mTRANSACTION (1.3ms)[0m  [1m[36mcommit transaction[0m
  ↳ app/controllers/articles_controller.rb:4:in `create'
Completed 201 Created in 13ms (Views: 0.2ms | ActiveRecord: 2.6ms | Allocations: 1990)


Started POST "/api/articles" for ::1 at 2023-06-18 15:14:02 +0900
Processing by ArticlesController#create as */*
  Parameters: {"article"=>{"title"=>"test3", "description"=>"333333333333333333333", "body"=>"bodybodybody"}}
  [1m[36mTRANSACTION (0.1ms)[0m  [1m[36mbegin transaction[0m
  ↳ app/controllers/articles_controller.rb:4:in `create'
  [1m[36mArticle Create (0.4ms)[0m  [1m[32mINSERT INTO "articles" ("slug", "title", "description", "body", "created_at", "updated_at") VALUES (?, ?, ?, ?, ?, ?)[0m  [["slug", "test3"], ["title", "test3"], ["description", "333333333333333333333"], ["body", "bodybodybody"], ["created_at", "2023-06-18 06:14:02.087367"], ["updated_at", "2023-06-18 06:14:02.087367"]]
  ↳ app/controllers/articles_controller.rb:4:in `create'
  [1m[36mTRANSACTION (1.3ms)[0m  [1m[36mcommit transaction[0m
  ↳ app/controllers/articles_controller.rb:4:in `create'
Completed 201 Created in 8ms (Views: 0.6ms | ActiveRecord: 1.7ms | Allocations: 1987)


Started POST "/api/articles" for ::1 at 2023-06-18 15:14:05 +0900
Processing by ArticlesController#create as */*
  Parameters: {"article"=>{"title"=>"test4", "description"=>"333333333333333333333", "body"=>"bodybodybody"}}
  [1m[36mTRANSACTION (0.2ms)[0m  [1m[36mbegin transaction[0m
  ↳ app/controllers/articles_controller.rb:4:in `create'
  [1m[36mArticle Create (1.3ms)[0m  [1m[32mINSERT INTO "articles" ("slug", "title", "description", "body", "created_at", "updated_at") VALUES (?, ?, ?, ?, ?, ?)[0m  [["slug", "test4"], ["title", "test4"], ["description", "333333333333333333333"], ["body", "bodybodybody"], ["created_at", "2023-06-18 06:14:05.636236"], ["updated_at", "2023-06-18 06:14:05.636236"]]
  ↳ app/controllers/articles_controller.rb:4:in `create'
  [1m[36mTRANSACTION (4.2ms)[0m  [1m[36mcommit transaction[0m
  ↳ app/controllers/articles_controller.rb:4:in `create'
Completed 201 Created in 15ms (Views: 0.3ms | ActiveRecord: 5.7ms | Allocations: 1987)


Started POST "/api/articles" for ::1 at 2023-06-18 15:14:09 +0900
Processing by ArticlesController#create as */*
  Parameters: {"article"=>{"title"=>"test5", "description"=>"333333333333333333333", "body"=>"bodybodybody"}}
  [1m[36mTRANSACTION (0.1ms)[0m  [1m[36mbegin transaction[0m
  ↳ app/controllers/articles_controller.rb:4:in `create'
  [1m[36mArticle Create (1.6ms)[0m  [1m[32mINSERT INTO "articles" ("slug", "title", "description", "body", "created_at", "updated_at") VALUES (?, ?, ?, ?, ?, ?)[0m  [["slug", "test5"], ["title", "test5"], ["description", "333333333333333333333"], ["body", "bodybodybody"], ["created_at", "2023-06-18 06:14:09.179520"], ["updated_at", "2023-06-18 06:14:09.179520"]]
  ↳ app/controllers/articles_controller.rb:4:in `create'
  [1m[36mTRANSACTION (3.6ms)[0m  [1m[36mcommit transaction[0m
  ↳ app/controllers/articles_controller.rb:4:in `create'
Completed 201 Created in 19ms (Views: 0.8ms | ActiveRecord: 5.3ms | Allocations: 1987)


Started DELETE "/api/articles/test1" for ::1 at 2023-06-18 15:16:13 +0900
Processing by ArticlesController#destroy as */*
  Parameters: {"article"=>{"title"=>"test5", "description"=>"333333333333333333333", "body"=>"bodybodybody"}, "slug"=>"test1"}
  [1m[36mArticle Load (1.8ms)[0m  [1m[34mSELECT "articles".* FROM "articles" WHERE "articles"."slug" = ? LIMIT ?[0m  [["slug", "test1"], ["LIMIT", 1]]
  ↳ app/controllers/articles_controller.rb:26:in `destroy'
Completed 500 Internal Server Error in 213ms (ActiveRecord: 1.8ms | Allocations: 984)


  
NoMethodError (undefined method `destroy' for nil:NilClass):
  
app/controllers/articles_controller.rb:27:in `destroy'
  [1m[36mArticle Load (3.0ms)[0m  [1m[34mSELECT "articles".* FROM "articles"[0m
Started DELETE "/api/articles/test2" for ::1 at 2023-06-18 15:16:34 +0900
Processing by ArticlesController#destroy as */*
  Parameters: {"article"=>{"title"=>"test5", "description"=>"333333333333333333333", "body"=>"bodybodybody"}, "slug"=>"test2"}
  [1m[36mArticle Load (0.1ms)[0m  [1m[34mSELECT "articles".* FROM "articles" WHERE "articles"."slug" = ? LIMIT ?[0m  [["slug", "test2"], ["LIMIT", 1]]
  ↳ app/controllers/articles_controller.rb:26:in `destroy'
  [1m[36mTRANSACTION (1.3ms)[0m  [1m[36mbegin transaction[0m
  ↳ app/controllers/articles_controller.rb:27:in `destroy'
  [1m[36mArticle Destroy (0.5ms)[0m  [1m[31mDELETE FROM "articles" WHERE "articles"."id" = ?[0m  [["id", 8]]
  ↳ app/controllers/articles_controller.rb:27:in `destroy'
  [1m[36mTRANSACTION (2.9ms)[0m  [1m[36mcommit transaction[0m
  ↳ app/controllers/articles_controller.rb:27:in `destroy'
Completed 204 No Content in 25ms (ActiveRecord: 4.9ms | Allocations: 1893)


Started DELETE "/api/articles/test3" for ::1 at 2023-06-18 15:19:10 +0900
Processing by ArticlesController#destroy as */*
  Parameters: {"article"=>{"title"=>"test5", "description"=>"333333333333333333333", "body"=>"bodybodybody"}, "slug"=>"test3"}
  [1m[36mArticle Load (0.7ms)[0m  [1m[34mSELECT "articles".* FROM "articles" WHERE "articles"."slug" = ? LIMIT ?[0m  [["slug", "test3"], ["LIMIT", 1]]
  ↳ app/controllers/articles_controller.rb:26:in `destroy'
  [1m[36mTRANSACTION (0.1ms)[0m  [1m[36mbegin transaction[0m
  ↳ app/controllers/articles_controller.rb:27:in `destroy'
  [1m[36mArticle Destroy (3.6ms)[0m  [1m[31mDELETE FROM "articles" WHERE "articles"."id" = ?[0m  [["id", 9]]
  ↳ app/controllers/articles_controller.rb:27:in `destroy'
  [1m[36mTRANSACTION (10.6ms)[0m  [1m[36mcommit transaction[0m
  ↳ app/controllers/articles_controller.rb:27:in `destroy'
Completed 204 No Content in 106ms (ActiveRecord: 22.0ms | Allocations: 4765)


Started DELETE "/api/articles/test4" for ::1 at 2023-06-18 15:19:45 +0900
Processing by ArticlesController#destroy as */*
  Parameters: {"article"=>{"title"=>"test5", "description"=>"333333333333333333333", "body"=>"bodybodybody"}, "slug"=>"test4"}
  [1m[36mArticle Load (0.6ms)[0m  [1m[34mSELECT "articles".* FROM "articles" WHERE "articles"."slug" = ? LIMIT ?[0m  [["slug", "test4"], ["LIMIT", 1]]
  ↳ app/controllers/articles_controller.rb:26:in `destroy'
  [1m[36mTRANSACTION (0.0ms)[0m  [1m[36mbegin transaction[0m
  ↳ app/controllers/articles_controller.rb:27:in `destroy'
  [1m[36mArticle Destroy (0.3ms)[0m  [1m[31mDELETE FROM "articles" WHERE "articles"."id" = ?[0m  [["id", 10]]
  ↳ app/controllers/articles_controller.rb:27:in `destroy'
  [1m[36mTRANSACTION (2.6ms)[0m  [1m[36mcommit transaction[0m
  ↳ app/controllers/articles_controller.rb:27:in `destroy'
Completed 204 No Content in 14ms (ActiveRecord: 4.7ms | Allocations: 4764)


  [1m[36mArticle Load (3.0ms)[0m  [1m[34mSELECT "articles".* FROM "articles"[0m
  [1m[36mArticle Load (0.3ms)[0m  [1m[34mSELECT "articles".* FROM "articles" WHERE "articles"."id" = ? LIMIT ?[0m  [["id", 1], ["LIMIT", 1]]
  [1m[36mArticle Load (0.2ms)[0m  [1m[34mSELECT "articles".* FROM "articles" WHERE "articles"."id" = ? LIMIT ?[0m  [["id", 6], ["LIMIT", 1]]
Started GET "/api/articles/test4" for ::1 at 2023-06-18 15:43:05 +0900
Processing by ArticlesController#show as */*
  Parameters: {"article"=>{"title"=>"test5", "description"=>"333333333333333333333", "body"=>"bodybodybody"}, "slug"=>"test4"}
  [1m[36mArticle Load (0.3ms)[0m  [1m[34mSELECT "articles".* FROM "articles" WHERE "articles"."slug" = ? LIMIT ?[0m  [["slug", "test4"], ["LIMIT", 1]]
  ↳ app/controllers/articles_controller.rb:12:in `show'
Completed 404 Not Found in 9ms (Views: 0.5ms | ActiveRecord: 0.9ms | Allocations: 1491)


Started GET "/api/articles/test6" for ::1 at 2023-06-18 15:43:15 +0900
Processing by ArticlesController#show as */*
  Parameters: {"article"=>{"title"=>"test5", "description"=>"333333333333333333333", "body"=>"bodybodybody"}, "slug"=>"test6"}
  [1m[36mArticle Load (0.2ms)[0m  [1m[34mSELECT "articles".* FROM "articles" WHERE "articles"."slug" = ? LIMIT ?[0m  [["slug", "test6"], ["LIMIT", 1]]
  ↳ app/controllers/articles_controller.rb:12:in `show'
Completed 404 Not Found in 2ms (Views: 0.3ms | ActiveRecord: 0.2ms | Allocations: 591)


  [1m[36mArticle Load (0.3ms)[0m  [1m[34mSELECT "articles".* FROM "articles"[0m
Started GET "/api/articles/test5" for ::1 at 2023-06-18 15:44:00 +0900
Processing by ArticlesController#show as */*
  Parameters: {"article"=>{"title"=>"test5", "description"=>"333333333333333333333", "body"=>"bodybodybody"}, "slug"=>"test5"}
  [1m[36mArticle Load (0.1ms)[0m  [1m[34mSELECT "articles".* FROM "articles" WHERE "articles"."slug" = ? LIMIT ?[0m  [["slug", "test5"], ["LIMIT", 1]]
  ↳ app/controllers/articles_controller.rb:12:in `show'
Completed 200 OK in 5ms (Views: 0.4ms | ActiveRecord: 0.1ms | Allocations: 2358)


